<?xml version="1.0" encoding="UTF-8"?>
<!-- Generated by org.testng.reporters.JUnitReportReporter -->
<testsuite skipped="0" hostname="LAPTOP-31B2K48K" name="seleniumtest.Test11" tests="4" failures="0" timestamp="28 Jun 2019 01:44:16 GMT" time="0.013" errors="0">
  <testcase name="set3" time="0.001" classname="seleniumtest.Test11"/>
  <testcase name="set2" time="0.002" classname="seleniumtest.Test11"/>
  <testcase name="set1" time="0.009" classname="seleniumtest.Test11"/>
  <testcase name="set4" time="0.001" classname="seleniumtest.Test11"/>
</testsuite> <!-- seleniumtest.Test11 -->
