<?xml version="1.0" encoding="UTF-8"?>
<!-- Generated by org.testng.reporters.JUnitReportReporter -->
<testsuite skipped="0" hostname="LAPTOP-31B2K48K" name="seleniumtest.ParameterTest" tests="1" failures="0" timestamp="30 Jun 2019 06:50:28 GMT" time="7.872" errors="0">
  <testcase name="crmproLoginPageTitleTest" time="7.872" classname="seleniumtest.ParameterTest"/>
</testsuite> <!-- seleniumtest.ParameterTest -->
