<?xml version="1.0" encoding="UTF-8"?>
<!-- Generated by org.testng.reporters.JUnitReportReporter -->
<testsuite skipped="0" hostname="LAPTOP-31B2K48K" name="seleniumtest.TesngTest" tests="4" failures="0" timestamp="23 Jun 2019 07:07:35 GMT" time="42.724" errors="0">
  <testcase name="crmproLoginPageTitleTest" time="9.165" classname="seleniumtest.TesngTest"/>
  <testcase name="crmproLoginPageTitleTest" time="11.950" classname="seleniumtest.TesngTest"/>
  <testcase name="crmproLoginPageTitleTest" time="8.967" classname="seleniumtest.TesngTest"/>
  <testcase name="loginToApplicationTest" time="12.642" classname="seleniumtest.TesngTest"/>
</testsuite> <!-- seleniumtest.TesngTest -->
