<?xml version="1.0" encoding="UTF-8"?>
<!-- Generated by org.testng.reporters.JUnitReportReporter -->
<testsuite skipped="0" hostname="LAPTOP-31B2K48K" name="seleniumtest.TestngGroupTest" tests="5" failures="0" timestamp="30 Jun 2019 06:13:21 GMT" time="0.027" errors="0">
  <testcase name="setUp2" time="0.015" classname="seleniumtest.TestngGroupTest"/>
  <testcase name="setUp5" time="0.004" classname="seleniumtest.TestngGroupTest"/>
  <testcase name="setUp1" time="0.004" classname="seleniumtest.TestngGroupTest"/>
  <testcase name="setUp4" time="0.000" classname="seleniumtest.TestngGroupTest"/>
  <testcase name="setUp3" time="0.004" classname="seleniumtest.TestngGroupTest"/>
</testsuite> <!-- seleniumtest.TestngGroupTest -->
