<?xml version="1.0" encoding="UTF-8"?>
<!-- Generated by org.testng.reporters.JUnitReportReporter -->
<testsuite skipped="0" hostname="LAPTOP-31B2K48K" name="seleniumtest.DataProviderTest" tests="3" failures="0" timestamp="30 Jun 2019 07:09:44 GMT" time="0.008" errors="0">
  <testcase name="loginTest" time="0.006" classname="seleniumtest.DataProviderTest"/>
  <testcase name="loginTest" time="0.001" classname="seleniumtest.DataProviderTest"/>
  <testcase name="loginTest" time="0.001" classname="seleniumtest.DataProviderTest"/>
</testsuite> <!-- seleniumtest.DataProviderTest -->
